     1                                  ; Program Name: "". This program demonstrates.  Copyright (C) 2025  Dianella Sy
     2                                  
     3                                  ; This program is free software: you can redistribute it and/or modify it under the terms of the GNU General Public License  *
     4                                  ; version 3 as published by the Free Software Foundation.                                                                    *
     5                                  ; This program is distributed in the hope that it will be useful, but WITHOUT ANY WARRANTY; without even the implied         *
     6                                  ; warranty of MERCHANTABILITY or FITNESS FOR A PARTICULAR PURPOSE. See the GNU General Public License for more details.      *
     7                                  ; A copy of the GNU General Public License v3 is available here: <https://www.gnu.org/licenses/>.
     8                                  
     9                                  ; Author Information:
    10                                  ; Name:
    11                                  ; CWID:
    12                                  ; Section: CPSC 240-#
    13                                  ; Email: @csu.fullerton.edu
    14                                  
    15                                  ; Program Information:
    16                                  ; Name:
    17                                  ; Languages:
    18                                  ; Start Date:
    19                                  ; Completion Date:
    20                                  
    21                                  ; Program's Purpose:
    22                                  ; The "" will teach.
    23                                  
    24                                  ; Project Information:
    25                                  ; Files: main.c, hello.asm, r.sh
    26                                  ; Developing Computer: 
    27                                  ; Status:
    28                                  
    29                                  ; Translator Information:
    30                                  ; Linux:
    31                                  
    32                                  extern printf
    33                                  extern fgets
    34                                  extern stdin
    35                                  extern strlen
    36                                  extern isfloat
    37                                  extern atof
    38                                  
    39                                  global loop
    40                                  maximum_number_of_characters_for_input equ 512
    41                                  
    42                                  
    43                                  ; segment .data is where initalized data is declared
    44                                  
    45                                  segment .data
    46                                  
    47                                  
    48                                  
    49                                  
    50                                  
    51                                  ; segment .bss is where uninitialized data is declared 
    52                                  
    53                                  segment .bss
    54                                  
    55                                  
    56                                  
    57                                  
    58                                  
    59                                  ; segment .text is the code 
    60                                  
    61                                  segment .text
    62                                  
    63                                  ; The header or label 'loop:' defines the initial program entry point
    64                                  loop:
    65                                  
    66                                  ; Back up the General Purpose Registers (GPRs)
    67 00000000 55                      push rbp
    68 00000001 4889E5                  mov rbp, rsp
    69 00000004 53                      push rbx
    70 00000005 51                      push rcx
    71 00000006 52                      push rdx
    72 00000007 57                      push rdi
    73 00000008 56                      push rsi
    74 00000009 4150                    push r8
    75 0000000B 4151                    push r9
    76 0000000D 4152                    push r10
    77 0000000F 4153                    push r11
    78 00000011 4154                    push r12
    79 00000013 4155                    push r13
    80 00000015 4156                    push r14
    81 00000017 4157                    push r15
    82 00000019 9C                      pushf
    83                                  
    84                                  
    85 0000001A EB00                    jmp prompt
    86                                  
    87                                  tryAgain:
    88                                  ; Output the invalid data detected message if the user inputted invalid data
    89                                  
    90                                  
    91                                  prompt:
    92                                  ; Ask for the number of miles from the user's house to CSUF
    93                                  
    94                                  
    95                                  ; Obtain the number of miles from the user's house to CSUF
    96                                  
    97                                  
    98                                  ; Calculate the number of miles from the user's house to CSUF
    99                                  
   100                                  
   101                                  ; Check if the number of miles from the user's house to CSUF is a float
   102                                  ; Download Professor Holliday's isfloat.asm from his website
   103                                  
   104                                  
   105                                  ; If the number of miles from the user's house to CSUF is not a float, go back to tryAgain and input a floating-point number for miles
   106                                  
   107                                  
   108                                  ; Convert the string of number of miles from the user's house to CSUF to a floating-point number
   109                                  
   110                                  
   111                                  ; Output the total distance traveled
   112                                  
   113                                  
   114                                  
   115                                  ; Return the total distance traveled to the driver 
   116                                  
   117                                  
   118                                  
   119                                  ; Pop the General Purpose Registers (GPRs) so the pointer can be restored to the top of the stack and the values can be restored before this function was called 
   120                                  ; After all the pops are done, the stack will be how it was before the function executed 
   121 0000001C 9D                      popf
   122 0000001D 415F                    pop r15
   123 0000001F 415E                    pop r14
   124 00000021 415D                    pop r13
   125 00000023 415C                    pop r12
   126 00000025 415B                    pop r11
   127 00000027 415A                    pop r10
   128 00000029 4159                    pop r9
   129 0000002B 4158                    pop r8
   130 0000002D 5E                      pop rsi
   131 0000002E 5F                      pop rdi
   132 0000002F 5A                      pop rdx
   133 00000030 59                      pop rcx
   134 00000031 5B                      pop rbx
   135 00000032 5D                      pop rbp
   136                                  
   137 00000033 C3                      ret
